<?xml version="1.0" encoding="UTF-8"?>
<testng-results skipped="0" failed="0" ignored="0" total="1" passed="1">
  <reporter-output>
  </reporter-output>
  <suite name="com.yinheng.interfacetester.data.TestDataTest" duration-ms="443" started-at="2018-07-07T11:16:01Z" finished-at="2018-07-07T11:16:02Z">
    <groups>
    </groups>
    <test name="Command line test" duration-ms="443" started-at="2018-07-07T11:16:01Z" finished-at="2018-07-07T11:16:02Z">
      <class name="com.yinheng.interfacetester.data.TestDataTest">
        <test-method status="PASS" signature="testReadExcel()[pri:0, instance:com.yinheng.interfacetester.data.TestDataTest@17f6480]" name="testReadExcel" duration-ms="418" started-at="2018-07-07T11:16:01Z" finished-at="2018-07-07T11:16:02Z">
          <reporter-output>
          </reporter-output>
        </test-method> <!-- testReadExcel -->
      </class> <!-- com.yinheng.interfacetester.data.TestDataTest -->
    </test> <!-- Command line test -->
  </suite> <!-- com.yinheng.interfacetester.data.TestDataTest -->
</testng-results>
